<?xml version="1.0" encoding="UTF-8"?>
<testng-results skipped="0" failed="0" ignored="0" total="1" passed="1">
  <reporter-output>
  </reporter-output>
  <suite name="All Test Suite" duration-ms="14755" started-at="2019-10-23T19:41:20Z" finished-at="2019-10-23T19:41:35Z">
    <groups>
    </groups>
    <test name="C:/AutomationPracticeMaven" duration-ms="14755" started-at="2019-10-23T19:41:20Z" finished-at="2019-10-23T19:41:35Z">
      <class name="tsd.TSD_SetupFrameworkVerify">
        <test-method status="PASS" signature="SetupEnv(org.testng.ITestContext)[pri:0, instance:tsd.TSD_SetupFrameworkVerify@12843fce]" name="SetupEnv" is-config="true" duration-ms="6" started-at="2019-10-23T14:41:20Z" finished-at="2019-10-23T14:41:20Z">
          <params>
            <param index="0">
              <value>
                <![CDATA[org.testng.TestRunner@6bea52d4]]>
              </value>
            </param>
          </params>
          <reporter-output>
          </reporter-output>
        </test-method> <!-- SetupEnv -->
        <test-method status="PASS" signature="SetupEngine(java.lang.String)[pri:0, instance:tsd.TSD_SetupFrameworkVerify@12843fce]" name="SetupEngine" is-config="true" duration-ms="8991" started-at="2019-10-23T14:41:20Z" finished-at="2019-10-23T14:41:29Z">
          <params>
            <param index="0">
              <value>
                <![CDATA[chrome]]>
              </value>
            </param>
          </params>
          <reporter-output>
          </reporter-output>
        </test-method> <!-- SetupEngine -->
        <test-method status="PASS" signature="SetupTestCase(java.lang.reflect.Method)[pri:0, instance:tsd.TSD_SetupFrameworkVerify@12843fce]" name="SetupTestCase" is-config="true" duration-ms="8" started-at="2019-10-23T14:41:29Z" finished-at="2019-10-23T14:41:29Z">
          <params>
            <param index="0">
              <value>
                <![CDATA[public void tsd.TSD_SetupFrameworkVerify.prueba_farmework()]]>
              </value>
            </param>
          </params>
          <reporter-output>
          </reporter-output>
        </test-method> <!-- SetupTestCase -->
        <test-method status="PASS" signature="prueba_farmework()[pri:0, instance:tsd.TSD_SetupFrameworkVerify@12843fce]" name="prueba_farmework" duration-ms="5540" started-at="2019-10-23T14:41:29Z" finished-at="2019-10-23T14:41:35Z">
          <reporter-output>
          </reporter-output>
        </test-method> <!-- prueba_farmework -->
        <test-method status="PASS" signature="afterMethod(org.testng.ITestResult)[pri:0, instance:tsd.TSD_SetupFrameworkVerify@12843fce]" name="afterMethod" is-config="true" duration-ms="165" started-at="2019-10-23T14:41:35Z" finished-at="2019-10-23T14:41:35Z">
          <params>
            <param index="0">
              <value>
                <![CDATA[[TestResult name=prueba_farmework status=SUCCESS method=TSD_SetupFrameworkVerify.prueba_farmework()[pri:0, instance:tsd.TSD_SetupFrameworkVerify@12843fce] output={null}]]]>
              </value>
            </param>
          </params>
          <reporter-output>
          </reporter-output>
        </test-method> <!-- afterMethod -->
        <test-method status="PASS" signature="CloseBrowser()[pri:0, instance:tsd.TSD_SetupFrameworkVerify@12843fce]" name="CloseBrowser" is-config="true" duration-ms="40" started-at="2019-10-23T14:41:35Z" finished-at="2019-10-23T14:41:35Z">
          <reporter-output>
          </reporter-output>
        </test-method> <!-- CloseBrowser -->
        <test-method status="PASS" signature="CloseAllDriver()[pri:0, instance:tsd.TSD_SetupFrameworkVerify@12843fce]" name="CloseAllDriver" is-config="true" duration-ms="536" started-at="2019-10-23T14:41:35Z" finished-at="2019-10-23T14:41:36Z">
          <reporter-output>
          </reporter-output>
        </test-method> <!-- CloseAllDriver -->
        <test-method status="PASS" signature="afterSuite()[pri:0, instance:tsd.TSD_SetupFrameworkVerify@12843fce]" name="afterSuite" is-config="true" duration-ms="30" started-at="2019-10-23T14:41:36Z" finished-at="2019-10-23T14:41:36Z">
          <reporter-output>
          </reporter-output>
        </test-method> <!-- afterSuite -->
      </class> <!-- tsd.TSD_SetupFrameworkVerify -->
    </test> <!-- C:/AutomationPracticeMaven -->
  </suite> <!-- All Test Suite -->
</testng-results>
